
2024/09/09 (16:55:15) | ===> btop++ v.1.3.2
2024/09/09 (16:55:15) | WARNING: ROCm SMI: Failed to get maximum GPU temperature, defaulting to 110°C

2024/09/09 (17:47:35) | ===> btop++ v.1.3.2
2024/09/09 (17:47:35) | WARNING: ROCm SMI: Failed to get maximum GPU temperature, defaulting to 110°C

2024/09/10 (11:50:27) | ===> btop++ v.1.3.2
2024/09/10 (11:50:27) | ERROR: No tty detected!
btop++ needs an interactive shell to run.

2024/09/10 (11:50:29) | ===> btop++ v.1.3.2
2024/09/10 (11:50:29) | ERROR: No tty detected!
btop++ needs an interactive shell to run.

2024/12/11 (02:12:15) | ===> btop++ v.1.4.0
2024/12/11 (02:12:15) | WARNING: ROCm SMI: Failed to get maximum GPU temperature, defaulting to 110°C
2024/12/11 (02:12:15) | WARNING: ROCm SMI: Failed to get PCIe throughput

2024/12/18 (02:32:07) | ===> btop++ v.1.4.0
2024/12/18 (02:32:07) | WARNING: ROCm SMI: Failed to get maximum GPU temperature, defaulting to 110°C
2024/12/18 (02:32:07) | WARNING: ROCm SMI: Failed to get PCIe throughput

2024/12/31 (17:38:46) | ===> btop++ v.1.4.0
2024/12/31 (17:38:46) | WARNING: ROCm SMI: Failed to get maximum GPU temperature, defaulting to 110°C
2024/12/31 (17:38:46) | WARNING: ROCm SMI: Failed to get PCIe throughput

2025/01/09 (18:37:07) | ===> btop++ v.1.4.0
2025/01/09 (18:37:07) | WARNING: ROCm SMI: Failed to get maximum GPU temperature, defaulting to 110°C
2025/01/09 (18:37:07) | WARNING: ROCm SMI: Failed to get PCIe throughput

2025/02/05 (18:30:35) | ===> btop++ v.1.4.0
2025/02/05 (18:30:35) | WARNING: ROCm SMI: Failed to get maximum GPU temperature, defaulting to 110°C
2025/02/05 (18:30:35) | WARNING: ROCm SMI: Failed to get PCIe throughput

2025/03/01 (22:46:05) | ===> btop++ v.1.4.0
2025/03/01 (22:46:05) | WARNING: ROCm SMI: Failed to get maximum GPU temperature, defaulting to 110°C
2025/03/01 (22:46:05) | WARNING: ROCm SMI: Failed to get PCIe throughput

2025/03/01 (22:47:36) | ===> btop++ v.1.4.0
2025/03/01 (22:47:36) | WARNING: ROCm SMI: Failed to get maximum GPU temperature, defaulting to 110°C
2025/03/01 (22:47:36) | WARNING: ROCm SMI: Failed to get PCIe throughput

2025/03/10 (00:48:28) | ===> btop++ v.1.4.0
2025/03/10 (00:48:28) | WARNING: ROCm SMI: Failed to get maximum GPU temperature, defaulting to 110°C
2025/03/10 (00:48:28) | WARNING: ROCm SMI: Failed to get PCIe throughput

2025/03/15 (01:56:47) | ===> btop++ v.1.4.0
2025/03/15 (01:56:47) | ERROR: Couldn't determine terminal size of "STDOUT_FILENO"!
2025/03/15 (01:56:47) | ERROR: Couldn't determine terminal size of "STDOUT_FILENO"!
2025/03/15 (01:56:47) | ERROR: Couldn't determine terminal size of "STDOUT_FILENO"!
2025/03/15 (01:56:47) | WARNING: ROCm SMI: Failed to get maximum GPU temperature, defaulting to 110°C
2025/03/15 (01:56:47) | WARNING: ROCm SMI: Failed to get PCIe throughput
2025/03/15 (01:56:47) | ERROR: Couldn't determine terminal size of "STDOUT_FILENO"!
2025/03/15 (01:56:47) | ERROR: Couldn't determine terminal size of "STDOUT_FILENO"!
2025/03/15 (01:56:48) | ERROR: Couldn't determine terminal size of "STDOUT_FILENO"!
2025/03/15 (01:56:48) | ERROR: Couldn't determine terminal size of "STDOUT_FILENO"!
2025/03/15 (01:56:49) | ERROR: Couldn't determine terminal size of "STDOUT_FILENO"!
2025/03/15 (01:56:49) | ERROR: Couldn't determine terminal size of "STDOUT_FILENO"!
2025/03/15 (01:56:50) | ERROR: Couldn't determine terminal size of "STDOUT_FILENO"!
2025/03/15 (01:56:50) | ERROR: Couldn't determine terminal size of "STDOUT_FILENO"!
2025/03/15 (01:56:51) | ERROR: Couldn't determine terminal size of "STDOUT_FILENO"!
2025/03/15 (01:56:51) | ERROR: Couldn't determine terminal size of "STDOUT_FILENO"!
2025/03/15 (01:56:52) | ERROR: Couldn't determine terminal size of "STDOUT_FILENO"!
2025/03/15 (01:56:52) | ERROR: Couldn't determine terminal size of "STDOUT_FILENO"!
2025/03/15 (01:56:53) | ERROR: Couldn't determine terminal size of "STDOUT_FILENO"!
2025/03/15 (01:56:53) | ERROR: Couldn't determine terminal size of "STDOUT_FILENO"!
2025/03/15 (01:56:54) | ERROR: Couldn't determine terminal size of "STDOUT_FILENO"!
2025/03/15 (01:56:54) | ERROR: Couldn't determine terminal size of "STDOUT_FILENO"!
2025/03/15 (01:56:55) | ERROR: Couldn't determine terminal size of "STDOUT_FILENO"!
2025/03/15 (01:56:55) | ERROR: Couldn't determine terminal size of "STDOUT_FILENO"!
2025/03/15 (01:56:56) | ERROR: Couldn't determine terminal size of "STDOUT_FILENO"!
2025/03/15 (01:56:56) | ERROR: Couldn't determine terminal size of "STDOUT_FILENO"!
2025/03/15 (01:56:57) | ERROR: Couldn't determine terminal size of "STDOUT_FILENO"!

2025/03/21 (21:42:03) | ===> btop++ v.1.4.0
2025/03/21 (21:42:03) | WARNING: ROCm SMI: Failed to get maximum GPU temperature, defaulting to 110°C
2025/03/21 (21:42:03) | WARNING: ROCm SMI: Failed to get PCIe throughput

2025/03/21 (21:58:57) | ===> btop++ v.1.4.0
2025/03/21 (21:58:57) | WARNING: ROCm SMI: Failed to get maximum GPU temperature, defaulting to 110°C
2025/03/21 (21:58:57) | WARNING: ROCm SMI: Failed to get PCIe throughput

2025/03/21 (21:59:50) | ===> btop++ v.1.4.0
2025/03/21 (21:59:50) | WARNING: ROCm SMI: Failed to get maximum GPU temperature, defaulting to 110°C
2025/03/21 (21:59:50) | WARNING: ROCm SMI: Failed to get PCIe throughput

2025/03/25 (13:53:23) | ===> btop++ v.1.4.0
2025/03/25 (13:53:23) | WARNING: ROCm SMI: Failed to get maximum GPU temperature, defaulting to 110°C
2025/03/25 (13:53:23) | WARNING: ROCm SMI: Failed to get PCIe throughput
2025/03/25 (13:55:48) | INFO: Logger set to INFO

2025/03/26 (02:11:12) | ===> btop++ v.1.4.0
2025/03/26 (02:11:12) | WARNING: ROCm SMI: Failed to get maximum GPU temperature, defaulting to 110°C
2025/03/26 (02:11:12) | WARNING: ROCm SMI: Failed to get PCIe throughput

2025/03/26 (02:11:27) | ===> btop++ v.1.4.0
2025/03/26 (02:11:27) | WARNING: ROCm SMI: Failed to get maximum GPU temperature, defaulting to 110°C
2025/03/26 (02:11:27) | WARNING: ROCm SMI: Failed to get PCIe throughput

2025/03/28 (23:11:18) | ===> btop++ v.1.4.0
2025/03/28 (23:11:18) | WARNING: ROCm SMI: Failed to get maximum GPU temperature, defaulting to 110°C
2025/03/28 (23:11:18) | WARNING: ROCm SMI: Failed to get PCIe throughput

2025/03/28 (23:46:25) | ===> btop++ v.1.4.0
2025/03/28 (23:46:25) | WARNING: ROCm SMI: Failed to get maximum GPU temperature, defaulting to 110°C
2025/03/28 (23:46:25) | WARNING: ROCm SMI: Failed to get PCIe throughput

2025/03/30 (17:16:35) | ===> btop++ v.1.4.0
2025/03/30 (17:16:35) | WARNING: ROCm SMI: Failed to get maximum GPU temperature, defaulting to 110°C
2025/03/30 (17:16:35) | WARNING: ROCm SMI: Failed to get PCIe throughput

2025/03/30 (17:16:42) | ===> btop++ v.1.4.0
2025/03/30 (17:16:42) | WARNING: ROCm SMI: Failed to get maximum GPU temperature, defaulting to 110°C
2025/03/30 (17:16:42) | WARNING: ROCm SMI: Failed to get PCIe throughput

2025/03/31 (16:41:43) | ===> btop++ v.1.4.0
2025/03/31 (16:41:43) | WARNING: ROCm SMI: Failed to get maximum GPU temperature, defaulting to 110°C
2025/03/31 (16:41:43) | WARNING: ROCm SMI: Failed to get PCIe throughput

2025/03/31 (16:41:56) | ===> btop++ v.1.4.0
2025/03/31 (16:41:56) | WARNING: ROCm SMI: Failed to get maximum GPU temperature, defaulting to 110°C
2025/03/31 (16:41:56) | WARNING: ROCm SMI: Failed to get PCIe throughput

2025/04/01 (17:45:16) | ===> btop++ v.1.4.0
2025/04/01 (17:45:16) | WARNING: ROCm SMI: Failed to get maximum GPU temperature, defaulting to 110°C
2025/04/01 (17:45:16) | WARNING: ROCm SMI: Failed to get PCIe throughput

2025/04/01 (17:50:18) | ===> btop++ v.1.4.0
2025/04/01 (17:50:18) | WARNING: ROCm SMI: Failed to get maximum GPU temperature, defaulting to 110°C
2025/04/01 (17:50:18) | WARNING: ROCm SMI: Failed to get PCIe throughput

2025/04/01 (17:50:38) | ===> btop++ v.1.4.0
2025/04/01 (17:50:38) | WARNING: ROCm SMI: Failed to get maximum GPU temperature, defaulting to 110°C
2025/04/01 (17:50:38) | WARNING: ROCm SMI: Failed to get PCIe throughput

2025/04/01 (17:50:52) | ===> btop++ v.1.4.0
2025/04/01 (17:50:52) | WARNING: ROCm SMI: Failed to get maximum GPU temperature, defaulting to 110°C
2025/04/01 (17:50:52) | WARNING: ROCm SMI: Failed to get PCIe throughput

2025/04/01 (17:51:56) | ===> btop++ v.1.4.0
2025/04/01 (17:51:56) | WARNING: ROCm SMI: Failed to get maximum GPU temperature, defaulting to 110°C
2025/04/01 (17:51:56) | WARNING: ROCm SMI: Failed to get PCIe throughput

2025/04/01 (17:53:44) | ===> btop++ v.1.4.0
2025/04/01 (17:53:44) | WARNING: ROCm SMI: Failed to get maximum GPU temperature, defaulting to 110°C
2025/04/01 (17:53:44) | WARNING: ROCm SMI: Failed to get PCIe throughput

2025/04/01 (17:54:59) | ===> btop++ v.1.4.0
2025/04/01 (17:54:59) | WARNING: ROCm SMI: Failed to get maximum GPU temperature, defaulting to 110°C
2025/04/01 (17:54:59) | WARNING: ROCm SMI: Failed to get PCIe throughput

2025/04/01 (17:55:30) | ===> btop++ v.1.4.0
2025/04/01 (17:55:30) | WARNING: ROCm SMI: Failed to get maximum GPU temperature, defaulting to 110°C
2025/04/01 (17:55:30) | WARNING: ROCm SMI: Failed to get PCIe throughput

2025/04/01 (17:55:52) | ===> btop++ v.1.4.0
2025/04/01 (17:55:52) | WARNING: ROCm SMI: Failed to get maximum GPU temperature, defaulting to 110°C
2025/04/01 (17:55:52) | WARNING: ROCm SMI: Failed to get PCIe throughput

2025/04/01 (17:56:51) | ===> btop++ v.1.4.0
2025/04/01 (17:56:51) | WARNING: ROCm SMI: Failed to get maximum GPU temperature, defaulting to 110°C
2025/04/01 (17:56:51) | WARNING: ROCm SMI: Failed to get PCIe throughput

2025/04/01 (17:57:16) | ===> btop++ v.1.4.0
2025/04/01 (17:57:16) | WARNING: ROCm SMI: Failed to get maximum GPU temperature, defaulting to 110°C
2025/04/01 (17:57:16) | WARNING: ROCm SMI: Failed to get PCIe throughput
2025/04/01 (17:57:28) | ERROR: Exception in main loop -> Input::process("p") : unordered_map::at

2025/04/01 (17:57:31) | ===> btop++ v.1.4.0
2025/04/01 (17:57:31) | WARNING: ROCm SMI: Failed to get maximum GPU temperature, defaulting to 110°C
2025/04/01 (17:57:31) | WARNING: ROCm SMI: Failed to get PCIe throughput
2025/04/01 (17:57:34) | ERROR: Exception during Config::unlock() : unordered_map::at

2025/04/01 (17:57:46) | ===> btop++ v.1.4.0
2025/04/01 (17:57:46) | WARNING: Invalid box name in config value presets!
2025/04/01 (17:57:46) | WARNING: ROCm SMI: Failed to get maximum GPU temperature, defaulting to 110°C
2025/04/01 (17:57:46) | WARNING: ROCm SMI: Failed to get PCIe throughput

2025/04/01 (17:58:22) | ===> btop++ v.1.4.0
2025/04/01 (17:58:22) | WARNING: ROCm SMI: Failed to get maximum GPU temperature, defaulting to 110°C
2025/04/01 (17:58:22) | WARNING: ROCm SMI: Failed to get PCIe throughput

2025/04/01 (18:02:32) | ===> btop++ v.1.4.0
2025/04/01 (18:02:32) | WARNING: ROCm SMI: Failed to get maximum GPU temperature, defaulting to 110°C
2025/04/01 (18:02:32) | WARNING: ROCm SMI: Failed to get PCIe throughput

2025/04/01 (18:03:54) | ===> btop++ v.1.4.0
2025/04/01 (18:03:54) | WARNING: ROCm SMI: Failed to get maximum GPU temperature, defaulting to 110°C
2025/04/01 (18:03:54) | WARNING: ROCm SMI: Failed to get PCIe throughput

2025/04/01 (18:11:20) | ===> btop++ v.1.4.0
2025/04/01 (18:11:20) | WARNING: ROCm SMI: Failed to get maximum GPU temperature, defaulting to 110°C
2025/04/01 (18:11:20) | WARNING: ROCm SMI: Failed to get PCIe throughput

2025/04/01 (18:16:30) | ===> btop++ v.1.4.0
2025/04/01 (18:16:30) | WARNING: ROCm SMI: Failed to get maximum GPU temperature, defaulting to 110°C
2025/04/01 (18:16:30) | WARNING: ROCm SMI: Failed to get PCIe throughput

2025/04/01 (18:18:02) | ===> btop++ v.1.4.0
2025/04/01 (18:18:02) | WARNING: ROCm SMI: Failed to get maximum GPU temperature, defaulting to 110°C
2025/04/01 (18:18:02) | WARNING: ROCm SMI: Failed to get PCIe throughput

2025/04/01 (18:19:53) | ===> btop++ v.1.4.0
2025/04/01 (18:19:53) | WARNING: ROCm SMI: Failed to get maximum GPU temperature, defaulting to 110°C
2025/04/01 (18:19:53) | WARNING: ROCm SMI: Failed to get PCIe throughput

2025/04/01 (18:22:01) | ===> btop++ v.1.4.0
2025/04/01 (18:22:01) | WARNING: ROCm SMI: Failed to get maximum GPU temperature, defaulting to 110°C
2025/04/01 (18:22:01) | WARNING: ROCm SMI: Failed to get PCIe throughput

2025/04/01 (18:24:20) | ===> btop++ v.1.4.0
2025/04/01 (18:24:20) | WARNING: ROCm SMI: Failed to get maximum GPU temperature, defaulting to 110°C
2025/04/01 (18:24:20) | WARNING: ROCm SMI: Failed to get PCIe throughput

2025/04/01 (18:25:30) | ===> btop++ v.1.4.0
2025/04/01 (18:25:30) | WARNING: ROCm SMI: Failed to get maximum GPU temperature, defaulting to 110°C
2025/04/01 (18:25:30) | WARNING: ROCm SMI: Failed to get PCIe throughput

2025/04/01 (18:26:26) | ===> btop++ v.1.4.0
2025/04/01 (18:26:26) | WARNING: ROCm SMI: Failed to get maximum GPU temperature, defaulting to 110°C
2025/04/01 (18:26:26) | WARNING: ROCm SMI: Failed to get PCIe throughput

2025/04/01 (18:28:53) | ===> btop++ v.1.4.0
2025/04/01 (18:28:53) | WARNING: ROCm SMI: Failed to get maximum GPU temperature, defaulting to 110°C
2025/04/01 (18:28:53) | WARNING: ROCm SMI: Failed to get PCIe throughput

2025/04/01 (18:31:47) | ===> btop++ v.1.4.0
2025/04/01 (18:31:47) | WARNING: ROCm SMI: Failed to get maximum GPU temperature, defaulting to 110°C
2025/04/01 (18:31:47) | WARNING: ROCm SMI: Failed to get PCIe throughput

2025/04/01 (18:31:57) | ===> btop++ v.1.4.0
2025/04/01 (18:31:57) | WARNING: ROCm SMI: Failed to get maximum GPU temperature, defaulting to 110°C
2025/04/01 (18:31:57) | WARNING: ROCm SMI: Failed to get PCIe throughput

2025/04/01 (18:44:34) | ===> btop++ v.1.4.0
2025/04/01 (18:44:34) | WARNING: ROCm SMI: Failed to get maximum GPU temperature, defaulting to 110°C
2025/04/01 (18:44:34) | WARNING: ROCm SMI: Failed to get PCIe throughput

2025/04/01 (18:55:30) | ===> btop++ v.1.4.0
2025/04/01 (18:55:30) | WARNING: ROCm SMI: Failed to get maximum GPU temperature, defaulting to 110°C
2025/04/01 (18:55:30) | WARNING: ROCm SMI: Failed to get PCIe throughput

2025/04/01 (19:00:48) | ===> btop++ v.1.4.0
2025/04/01 (19:00:48) | WARNING: ROCm SMI: Failed to get maximum GPU temperature, defaulting to 110°C
2025/04/01 (19:00:48) | WARNING: ROCm SMI: Failed to get PCIe throughput

2025/04/01 (19:01:05) | ===> btop++ v.1.4.0
2025/04/01 (19:01:05) | WARNING: ROCm SMI: Failed to get maximum GPU temperature, defaulting to 110°C
2025/04/01 (19:01:05) | WARNING: ROCm SMI: Failed to get PCIe throughput

2025/04/02 (02:11:41) | ===> btop++ v.1.4.0
2025/04/02 (02:11:41) | WARNING: ROCm SMI: Failed to get maximum GPU temperature, defaulting to 110°C
2025/04/02 (02:11:41) | WARNING: ROCm SMI: Failed to get PCIe throughput

2025/04/02 (23:21:40) | ===> btop++ v.1.4.0
2025/04/02 (23:21:40) | WARNING: ROCm SMI: Failed to get maximum GPU temperature, defaulting to 110°C
2025/04/02 (23:21:40) | WARNING: ROCm SMI: Failed to get PCIe throughput

2025/04/02 (23:22:32) | ===> btop++ v.1.4.0
2025/04/02 (23:22:32) | WARNING: ROCm SMI: Failed to get maximum GPU temperature, defaulting to 110°C
2025/04/02 (23:22:32) | WARNING: ROCm SMI: Failed to get PCIe throughput

2025/04/02 (23:26:13) | ===> btop++ v.1.4.0
2025/04/02 (23:26:13) | WARNING: ROCm SMI: Failed to get maximum GPU temperature, defaulting to 110°C
2025/04/02 (23:26:13) | WARNING: ROCm SMI: Failed to get PCIe throughput

2025/04/02 (23:28:07) | ===> btop++ v.1.4.0
2025/04/02 (23:28:07) | WARNING: ROCm SMI: Failed to get maximum GPU temperature, defaulting to 110°C
2025/04/02 (23:28:07) | WARNING: ROCm SMI: Failed to get PCIe throughput

2025/04/02 (23:43:28) | ===> btop++ v.1.4.0
2025/04/02 (23:43:28) | WARNING: ROCm SMI: Failed to get maximum GPU temperature, defaulting to 110°C
2025/04/02 (23:43:28) | WARNING: ROCm SMI: Failed to get PCIe throughput

2025/04/02 (23:52:39) | ===> btop++ v.1.4.0
2025/04/02 (23:52:39) | WARNING: ROCm SMI: Failed to get maximum GPU temperature, defaulting to 110°C
2025/04/02 (23:52:39) | WARNING: ROCm SMI: Failed to get PCIe throughput

2025/04/03 (00:16:58) | ===> btop++ v.1.4.0
2025/04/03 (00:16:58) | WARNING: ROCm SMI: Failed to get maximum GPU temperature, defaulting to 110°C
2025/04/03 (00:16:58) | WARNING: ROCm SMI: Failed to get PCIe throughput

2025/04/10 (14:03:49) | ===> btop++ v.1.4.0
2025/04/10 (14:03:49) | WARNING: ROCm SMI: Failed to get maximum GPU temperature, defaulting to 110°C
2025/04/10 (14:03:49) | WARNING: ROCm SMI: Failed to get PCIe throughput

2025/04/14 (15:17:27) | ===> btop++ v.1.4.0
2025/04/14 (15:17:27) | WARNING: ROCm SMI: Failed to get maximum GPU temperature, defaulting to 110°C
2025/04/14 (15:17:27) | WARNING: ROCm SMI: Failed to get PCIe throughput

2025/04/14 (17:25:07) | ===> btop++ v.1.4.0
2025/04/14 (17:25:07) | WARNING: ROCm SMI: Failed to get maximum GPU temperature, defaulting to 110°C
2025/04/14 (17:25:07) | WARNING: ROCm SMI: Failed to get PCIe throughput

2025/04/15 (14:53:28) | ===> btop++ v.1.4.0
2025/04/15 (14:53:28) | WARNING: ROCm SMI: Failed to get maximum GPU temperature, defaulting to 110°C
2025/04/15 (14:53:28) | WARNING: ROCm SMI: Failed to get PCIe throughput

2025/04/15 (17:05:57) | ===> btop++ v.1.4.0
2025/04/15 (17:05:57) | WARNING: ROCm SMI: Failed to get maximum GPU temperature, defaulting to 110°C
2025/04/15 (17:05:57) | WARNING: ROCm SMI: Failed to get PCIe throughput

2025/04/15 (17:06:21) | ===> btop++ v.1.4.0
2025/04/15 (17:06:21) | WARNING: ROCm SMI: Failed to get maximum GPU temperature, defaulting to 110°C
2025/04/15 (17:06:21) | WARNING: ROCm SMI: Failed to get PCIe throughput

2025/04/15 (20:09:19) | ===> btop++ v.1.4.0
2025/04/15 (20:09:19) | WARNING: ROCm SMI: Failed to get maximum GPU temperature, defaulting to 110°C
2025/04/15 (20:09:19) | WARNING: ROCm SMI: Failed to get PCIe throughput

2025/04/15 (20:10:46) | ===> btop++ v.1.4.0
2025/04/15 (20:10:46) | WARNING: ROCm SMI: Failed to get maximum GPU temperature, defaulting to 110°C
2025/04/15 (20:10:46) | WARNING: ROCm SMI: Failed to get PCIe throughput

2025/04/15 (20:11:57) | ===> btop++ v.1.4.0
2025/04/15 (20:11:57) | WARNING: ROCm SMI: Failed to get maximum GPU temperature, defaulting to 110°C
2025/04/15 (20:11:57) | WARNING: ROCm SMI: Failed to get PCIe throughput

2025/04/15 (20:13:00) | ===> btop++ v.1.4.0
2025/04/15 (20:13:00) | WARNING: ROCm SMI: Failed to get maximum GPU temperature, defaulting to 110°C
2025/04/15 (20:13:00) | WARNING: ROCm SMI: Failed to get PCIe throughput

2025/04/15 (20:13:20) | ===> btop++ v.1.4.0
2025/04/15 (20:13:20) | WARNING: ROCm SMI: Failed to get maximum GPU temperature, defaulting to 110°C
2025/04/15 (20:13:20) | WARNING: ROCm SMI: Failed to get PCIe throughput

2025/04/16 (02:03:54) | ===> btop++ v.1.4.0
2025/04/16 (02:03:54) | WARNING: ROCm SMI: Failed to get maximum GPU temperature, defaulting to 110°C
2025/04/16 (02:03:54) | WARNING: ROCm SMI: Failed to get PCIe throughput

2025/04/21 (03:39:47) | ===> btop++ v.1.4.0
2025/04/21 (03:39:47) | WARNING: ROCm SMI: Failed to get maximum GPU temperature, defaulting to 110°C
2025/04/21 (03:39:47) | WARNING: ROCm SMI: Failed to get PCIe throughput

2025/04/24 (16:07:15) | ===> btop++ v.1.4.0
2025/04/24 (16:07:15) | WARNING: ROCm SMI: Failed to get maximum GPU temperature, defaulting to 110°C
2025/04/24 (16:07:15) | WARNING: ROCm SMI: Failed to get PCIe throughput
2025/04/24 (16:08:27) | WARNING: Failed to join _runner thread on exit!

2025/04/24 (16:13:30) | ===> btop++ v.1.4.0
2025/04/24 (16:13:30) | WARNING: ROCm SMI: Failed to get maximum GPU temperature, defaulting to 110°C
2025/04/24 (16:13:30) | WARNING: ROCm SMI: Failed to get PCIe throughput

2025/04/24 (17:00:22) | ===> btop++ v.1.4.0
2025/04/24 (17:00:22) | WARNING: ROCm SMI: Failed to get maximum GPU temperature, defaulting to 110°C
2025/04/24 (17:00:22) | WARNING: ROCm SMI: Failed to get PCIe throughput
2025/04/24 (17:03:13) | WARNING: Failed to join _runner thread on exit!

2025/04/24 (17:21:39) | ===> btop++ v.1.4.0
2025/04/24 (17:21:39) | WARNING: ROCm SMI: Failed to get maximum GPU temperature, defaulting to 110°C
2025/04/24 (17:21:39) | WARNING: ROCm SMI: Failed to get PCIe throughput
2025/04/24 (17:21:44) | WARNING: Failed to join _runner thread on exit!

2025/04/24 (22:21:49) | ===> btop++ v.1.4.0
2025/04/24 (22:21:49) | WARNING: ROCm SMI: Failed to get maximum GPU temperature, defaulting to 110°C
2025/04/24 (22:21:49) | WARNING: ROCm SMI: Failed to get PCIe throughput

2025/04/24 (22:22:00) | ===> btop++ v.1.4.0
2025/04/24 (22:22:00) | WARNING: ROCm SMI: Failed to get maximum GPU temperature, defaulting to 110°C
2025/04/24 (22:22:00) | WARNING: ROCm SMI: Failed to get PCIe throughput

2025/04/25 (19:20:50) | ===> btop++ v.1.4.0
2025/04/25 (19:20:50) | WARNING: ROCm SMI: Failed to get maximum GPU temperature, defaulting to 110°C
2025/04/25 (19:20:50) | WARNING: ROCm SMI: Failed to get PCIe throughput
2025/04/25 (19:22:25) | WARNING: Failed to join _runner thread on exit!

2025/04/25 (19:23:23) | ===> btop++ v.1.4.0
2025/04/25 (19:23:23) | WARNING: ROCm SMI: Failed to get maximum GPU temperature, defaulting to 110°C
2025/04/25 (19:23:23) | WARNING: ROCm SMI: Failed to get PCIe throughput

2025/04/25 (19:23:41) | ===> btop++ v.1.4.0
2025/04/25 (19:23:41) | WARNING: ROCm SMI: Failed to get maximum GPU temperature, defaulting to 110°C
2025/04/25 (19:23:41) | WARNING: ROCm SMI: Failed to get PCIe throughput
2025/04/25 (19:23:51) | WARNING: Failed to join _runner thread on exit!
